Build started 10/14/2015 2:48:40 PM.
     1>Project "C:\Users\Matt\Dropbox\School\2015-2016\Fall 2015\CS-UY 3113\Homework 3\NYUCodebase\NYUCodebase\NYUCodebase.vcxproj" on node 2 (Build target(s)).
     1>ClCompile:
         C:\Program Files (x86)\Microsoft Visual Studio 12.0\VC\bin\CL.exe /c /IC:\SDL2\include /IC:\SDL2_image\include /IC:\glew\include /IC:\SDL2_mixer\include /ZI /nologo /W3 /WX- /sdl /Od /Oy- /D _WINDOWS /D _MBCS /D _MBCS /Gm /EHsc /RTC1 /MDd /GS /fp:precise /Zc:wchar_t /Zc:forScope /Fo"Debug\\" /Fd"Debug\vc120.pdb" /Gd /TP /analyze- /errorReport:prompt main.cpp
         main.cpp
     1>c:\users\matt\dropbox\school\2015-2016\fall 2015\cs-uy 3113\homework 3\nyucodebase\nyucodebase\main.cpp(76): warning C4018: '<' : signed/unsigned mismatch
     1>c:\users\matt\dropbox\school\2015-2016\fall 2015\cs-uy 3113\homework 3\nyucodebase\nyucodebase\main.cpp(132): warning C4305: 'argument' : truncation from 'double' to 'float'
     1>c:\users\matt\dropbox\school\2015-2016\fall 2015\cs-uy 3113\homework 3\nyucodebase\nyucodebase\main.cpp(133): warning C4305: 'argument' : truncation from 'double' to 'float'
     1>c:\users\matt\dropbox\school\2015-2016\fall 2015\cs-uy 3113\homework 3\nyucodebase\nyucodebase\main.cpp(134): warning C4305: 'argument' : truncation from 'double' to 'float'
     1>c:\users\matt\dropbox\school\2015-2016\fall 2015\cs-uy 3113\homework 3\nyucodebase\nyucodebase\main.cpp(135): warning C4305: 'argument' : truncation from 'double' to 'float'
     1>c:\users\matt\dropbox\school\2015-2016\fall 2015\cs-uy 3113\homework 3\nyucodebase\nyucodebase\main.cpp(136): warning C4305: 'argument' : truncation from 'double' to 'float'
     1>c:\users\matt\dropbox\school\2015-2016\fall 2015\cs-uy 3113\homework 3\nyucodebase\nyucodebase\main.cpp(137): warning C4305: 'argument' : truncation from 'double' to 'float'
     1>c:\users\matt\dropbox\school\2015-2016\fall 2015\cs-uy 3113\homework 3\nyucodebase\nyucodebase\main.cpp(138): warning C4305: 'argument' : truncation from 'double' to 'float'
       Link:
         C:\Program Files (x86)\Microsoft Visual Studio 12.0\VC\bin\link.exe /ERRORREPORT:PROMPT /OUT:"C:\Users\Matt\Dropbox\School\2015-2016\Fall 2015\CS-UY 3113\Homework 3\NYUCodebase\Debug\NYUCodebase.exe" /INCREMENTAL /NOLOGO /LIBPATH:C:\SDL2_mixer\lib\x86 /LIBPATH:C:\SDL2\lib\x86 /LIBPATH:C:\SDL2_image\lib\x86 /LIBPATH:C:\glew\lib\Release\Win32 SDL2.lib SDL2_mixer.lib glew32.lib SDL2main.lib SDL2_image.lib OpenGL32.lib /MANIFEST /MANIFESTUAC:"level='asInvoker' uiAccess='false'" /manifest:embed /DEBUG /PDB:"C:\Users\Matt\Dropbox\School\2015-2016\Fall 2015\CS-UY 3113\Homework 3\NYUCodebase\Debug\NYUCodebase.pdb" /SUBSYSTEM:WINDOWS /TLBID:1 /DYNAMICBASE /NXCOMPAT /IMPLIB:"C:\Users\Matt\Dropbox\School\2015-2016\Fall 2015\CS-UY 3113\Homework 3\NYUCodebase\Debug\NYUCodebase.lib" /MACHINE:X86 Debug\Bullet.obj
         Debug\Enemy.obj
         Debug\main.obj
         Debug\Matrix.obj
         Debug\Player.obj
         Debug\ShaderProgram.obj
         Debug\SheetSprite.obj
         NYUCodebase.vcxproj -> C:\Users\Matt\Dropbox\School\2015-2016\Fall 2015\CS-UY 3113\Homework 3\NYUCodebase\Debug\NYUCodebase.exe
     1>Done Building Project "C:\Users\Matt\Dropbox\School\2015-2016\Fall 2015\CS-UY 3113\Homework 3\NYUCodebase\NYUCodebase\NYUCodebase.vcxproj" (Build target(s)).

Build succeeded.

Time Elapsed 00:00:01.65
